c:\users\admin\documents\game_opengl\debug\vc141.pdb
c:\users\admin\documents\game_opengl\debug\vc141.idb
c:\users\admin\documents\game_opengl\debug\texture.obj
c:\users\admin\documents\game_opengl\debug\shader.obj
c:\users\admin\documents\game_opengl\debug\resourcemanager.obj
c:\users\admin\documents\game_opengl\debug\main.obj
c:\users\admin\documents\game_opengl\debug\game.obj
c:\users\admin\documents\game_opengl\debug\spriterenderer.obj
c:\users\admin\documents\game_opengl\debug\gameobjects.obj
c:\users\admin\documents\game_opengl\debug\ballobject.obj
c:\users\admin\documents\game_opengl\debug\particlegenerator.obj
c:\users\admin\documents\game_opengl\debug\gamecollisions.obj
c:\users\admin\documents\game_opengl\debug\gamelevel.obj
c:\users\admin\documents\game_opengl\debug\game.exe
c:\users\admin\documents\game_opengl\debug\game.ilk
c:\users\admin\documents\game_opengl\debug\game.pdb
c:\users\admin\documents\game_opengl\debug\game.tlog\cl.command.1.tlog
c:\users\admin\documents\game_opengl\debug\game.tlog\cl.read.1.tlog
c:\users\admin\documents\game_opengl\debug\game.tlog\cl.write.1.tlog
c:\users\admin\documents\game_opengl\debug\game.tlog\link-cvtres.read.1.tlog
c:\users\admin\documents\game_opengl\debug\game.tlog\link-cvtres.write.1.tlog
c:\users\admin\documents\game_opengl\debug\game.tlog\link-rc.read.1.tlog
c:\users\admin\documents\game_opengl\debug\game.tlog\link-rc.write.1.tlog
c:\users\admin\documents\game_opengl\debug\game.tlog\link.13256-cvtres.read.1.tlog
c:\users\admin\documents\game_opengl\debug\game.tlog\link.13256-cvtres.write.1.tlog
c:\users\admin\documents\game_opengl\debug\game.tlog\link.13256-rc.read.1.tlog
c:\users\admin\documents\game_opengl\debug\game.tlog\link.13256-rc.write.1.tlog
c:\users\admin\documents\game_opengl\debug\game.tlog\link.13256.read.1.tlog
c:\users\admin\documents\game_opengl\debug\game.tlog\link.13256.write.1.tlog
c:\users\admin\documents\game_opengl\debug\game.tlog\link.command.1.tlog
c:\users\admin\documents\game_opengl\debug\game.tlog\link.read.1.tlog
c:\users\admin\documents\game_opengl\debug\game.tlog\link.write.1.tlog
